# JRE version: Java(TM) SE Runtime Environment (17.0.2+8) (build 17.0.2+8-LTS-86)
# Java VM: Java HotSpot(TM) 64-Bit Server VM (17.0.2+8-LTS-86, mixed mode, emulated-client, sharing, tiered, compressed oops, compressed class ptrs, g1 gc, windows-amd64)
GC Precious Log:
 CPUs: 2 total, 2 available
 Memory: 3919M
 Large Page Support: Disabled
 NUMA Support: Disabled
 Compressed Oops: Enabled (32-bit)
 Heap Region Size: 1M
 Heap Min Capacity: 8M
 Heap Initial Capacity: 62M
 Heap Max Capacity: 980M
 Pre-touch: Disabled
 Parallel Workers: 2
 Concurrent Workers: 1
 Concurrent Refinement Workers: 2
 Periodic GC: Disabled
Heap:
 garbage-first heap   total 63488K, used 22247K [0x00000000c2c00000, 0x0000000100000000)
  region size 1024K, 15 young (15360K), 2 survivors (2048K)
 Metaspace       used 10270K, committed 10560K, reserved 1064960K
  class space    used 1376K, committed 1536K, reserved 1048576K
GC Heap History (8 events):
Event: 2.461 GC heap before
{Heap before GC invocations=0 (full 0):
 garbage-first heap   total 63488K, used 8192K [0x00000000c2c00000, 0x0000000100000000)
  region size 1024K, 6 young (6144K), 0 survivors (0K)
 Metaspace       used 287K, committed 512K, reserved 1056768K
  class space    used 17K, committed 128K, reserved 1048576K
}
Event: 2.470 GC heap after
{Heap after GC invocations=1 (full 0):
 garbage-first heap   total 63488K, used 5281K [0x00000000c2c00000, 0x0000000100000000)
  region size 1024K, 1 young (1024K), 1 survivors (1024K)
 Metaspace       used 287K, committed 512K, reserved 1056768K
  class space    used 17K, committed 128K, reserved 1048576K
}
Event: 3.533 GC heap before
{Heap before GC invocations=1 (full 0):
 garbage-first heap   total 63488K, used 7329K [0x00000000c2c00000, 0x0000000100000000)
  region size 1024K, 4 young (4096K), 1 survivors (1024K)
 Metaspace       used 1056K, committed 1216K, reserved 1056768K
  class space    used 101K, committed 192K, reserved 1048576K
}
Event: 3.538 GC heap after
{Heap after GC invocations=2 (full 0):
 garbage-first heap   total 63488K, used 7491K [0x00000000c2c00000, 0x0000000100000000)
  region size 1024K, 1 young (1024K), 1 survivors (1024K)
 Metaspace       used 1056K, committed 1216K, reserved 1056768K
  class space    used 101K, committed 192K, reserved 1048576K
}
Event: 4.221 GC heap before
{Heap before GC invocations=2 (full 0):
 garbage-first heap   total 63488K, used 14659K [0x00000000c2c00000, 0x0000000100000000)
  region size 1024K, 8 young (8192K), 1 survivors (1024K)
 Metaspace       used 5632K, committed 5824K, reserved 1056768K
  class space    used 676K, committed 768K, reserved 1048576K
}
Event: 4.227 GC heap after
{Heap after GC invocations=3 (full 0):
 garbage-first heap   total 63488K, used 9166K [0x00000000c2c00000, 0x0000000100000000)
  region size 1024K, 1 young (1024K), 1 survivors (1024K)
 Metaspace       used 5632K, committed 5824K, reserved 1056768K
  class space    used 676K, committed 768K, reserved 1048576K
}
Event: 4.804 GC heap before
{Heap before GC invocations=3 (full 0):
 garbage-first heap   total 63488K, used 20430K [0x00000000c2c00000, 0x0000000100000000)
  region size 1024K, 12 young (12288K), 1 survivors (1024K)
 Metaspace       used 8155K, committed 8384K, reserved 1056768K
  class space    used 1039K, committed 1152K, reserved 1048576K
}
Event: 4.809 GC heap after
{Heap after GC invocations=4 (full 0):
 garbage-first heap   total 63488K, used 9959K [0x00000000c2c00000, 0x0000000100000000)
  region size 1024K, 2 young (2048K), 2 survivors (2048K)
 Metaspace       used 8155K, committed 8384K, reserved 1056768K
  class space    used 1039K, committed 1152K, reserved 1048576K
}

